<?xml version="1.0" encoding="UTF-8"?>
<robot generator="Robot 6.1.1 (Python 3.10.12 on linux)" generated="20230913 18:56:35.693" rpa="false" schemaversion="4">
<suite id="s1" name="User Tests" source="/home/dark0ne/quiz-craft/FastAPI/testing/robot/user_tests.robot">
<kw name="Clear Test Database" library="keywords" type="SETUP">
<kw name="Drop Database" library="MongoDB">
<doc>Drop given database. If no database name is given, the default one will be dropped.</doc>
<msg timestamp="20230913 18:56:36.023" level="INFO">Database quiz-craft-test was dropped.</msg>
<status status="PASS" starttime="20230913 18:56:36.014" endtime="20230913 18:56:36.023"/>
</kw>
<status status="PASS" starttime="20230913 18:56:36.014" endtime="20230913 18:56:36.023"/>
</kw>
<test id="s1-t1" name="POST Create new user" line="8">
<kw name="POST" library="REST">
<arg>/register</arg>
<arg>/home/dark0ne/quiz-craft/FastAPI/testing/robot/data/user/register.json</arg>
<tag>http</tag>
<doc>*Sends a POST request to the endpoint.*</doc>
<status status="PASS" starttime="20230913 18:56:36.023" endtime="20230913 18:56:36.233"/>
</kw>
<kw name="Output" library="REST">
<tag>I/O</tag>
<doc>*Outputs JSON to terminal or a file.*</doc>
<msg timestamp="20230913 18:56:36.234" level="INFO">
{
    "request": {
        "method": "POST",
        "url": "http://localhost:6996/register",
        "scheme": "http",
        "netloc": "localhost:6996",
        "path": "/register",
        "query": {},
        "body": {
            "username": "test_user",
            "password": "test_pwd"
        },
        "data": null,
        "auth": null,
        "headers": {
            "Accept": "application/json, */*",
            "Content-Type": "application/json",
            "User-Agent": "RESTinstance/1.3.0"
        },
        "proxies": {},
        "timeout": [
            null,
            null
        ],
        "cert": null,
        "sslVerify": true,
        "allowRedirects": true,
        "timestamp": {
            "utc": "2023-09-13T15:56:36.232017+00:00",
            "local": "2023-09-13T18:56:36.232017+03:00"
        }
    },
    "response": {
        "seconds": 0.206058,
        "status": 200,
        "reason": "OK",
        "body": {
            "email": null,
            "first_name": null,
            "last_name": null,
            "username": "test_user",
            "disabled": false
        },
        "headers": {
            "date": "Wed, 13 Sep 2023 15:56:35 GMT",
            "server": "uvicorn",
            "content-length": "89",
            "content-type": "application/json"
        }
    }
}</msg>
<status status="PASS" starttime="20230913 18:56:36.234" endtime="20230913 18:56:36.237"/>
</kw>
<kw name="Clear Test Database" library="keywords" type="TEARDOWN">
<kw name="Drop Database" library="MongoDB">
<doc>Drop given database. If no database name is given, the default one will be dropped.</doc>
<msg timestamp="20230913 18:56:36.238" level="INFO">Database quiz-craft-test was dropped.</msg>
<status status="PASS" starttime="20230913 18:56:36.237" endtime="20230913 18:56:36.238"/>
</kw>
<status status="PASS" starttime="20230913 18:56:36.237" endtime="20230913 18:56:36.238"/>
</kw>
<status status="PASS" starttime="20230913 18:56:36.023" endtime="20230913 18:56:36.238"/>
</test>
<test id="s1-t2" name="POST Create second user" line="12">
<kw name="POST" library="REST">
<arg>/register</arg>
<arg>/home/dark0ne/quiz-craft/FastAPI/testing/robot/data/user/register.json</arg>
<tag>http</tag>
<doc>*Sends a POST request to the endpoint.*</doc>
<status status="PASS" starttime="20230913 18:56:36.239" endtime="20230913 18:56:36.439"/>
</kw>
<kw name="Output" library="REST">
<tag>I/O</tag>
<doc>*Outputs JSON to terminal or a file.*</doc>
<msg timestamp="20230913 18:56:36.439" level="INFO">
{
    "request": {
        "method": "POST",
        "url": "http://localhost:6996/register",
        "scheme": "http",
        "netloc": "localhost:6996",
        "path": "/register",
        "query": {},
        "body": {
            "username": "test_user",
            "password": "test_pwd"
        },
        "data": null,
        "auth": null,
        "headers": {
            "Accept": "application/json, */*",
            "Content-Type": "application/json",
            "User-Agent": "RESTinstance/1.3.0"
        },
        "proxies": {},
        "timeout": [
            null,
            null
        ],
        "cert": null,
        "sslVerify": true,
        "allowRedirects": true,
        "timestamp": {
            "utc": "2023-09-13T15:56:36.438284+00:00",
            "local": "2023-09-13T18:56:36.438284+03:00"
        }
    },
    "response": {
        "seconds": 0.19891,
        "status": 200,
        "reason": "OK",
        "body": {
            "email": null,
            "first_name": null,
            "last_name": null,
            "username": "test_user",
            "disabled": false
        },
        "headers": {
            "date": "Wed, 13 Sep 2023 15:56:35 GMT",
            "server": "uvicorn",
            "content-length": "89",
            "content-type": "application/json"
        }
    }
}</msg>
<status status="PASS" starttime="20230913 18:56:36.439" endtime="20230913 18:56:36.440"/>
</kw>
<kw name="Clear Test Database" library="keywords" type="TEARDOWN">
<kw name="Drop Database" library="MongoDB">
<doc>Drop given database. If no database name is given, the default one will be dropped.</doc>
<msg timestamp="20230913 18:56:36.442" level="INFO">Database quiz-craft-test was dropped.</msg>
<status status="PASS" starttime="20230913 18:56:36.441" endtime="20230913 18:56:36.442"/>
</kw>
<status status="PASS" starttime="20230913 18:56:36.440" endtime="20230913 18:56:36.442"/>
</kw>
<status status="PASS" starttime="20230913 18:56:36.238" endtime="20230913 18:56:36.442"/>
</test>
<test id="s1-t3" name="POST Create double user" line="16">
<kw name="POST" library="REST">
<arg>/register</arg>
<arg>/home/dark0ne/quiz-craft/FastAPI/testing/robot/data/user/register.json</arg>
<tag>http</tag>
<doc>*Sends a POST request to the endpoint.*</doc>
<status status="PASS" starttime="20230913 18:56:36.442" endtime="20230913 18:56:36.649"/>
</kw>
<kw name="POST" library="REST">
<arg>/register</arg>
<arg>/home/dark0ne/quiz-craft/FastAPI/testing/robot/data/user/register.json</arg>
<tag>http</tag>
<doc>*Sends a POST request to the endpoint.*</doc>
<status status="PASS" starttime="20230913 18:56:36.649" endtime="20230913 18:56:36.651"/>
</kw>
<kw name="Output" library="REST">
<tag>I/O</tag>
<doc>*Outputs JSON to terminal or a file.*</doc>
<msg timestamp="20230913 18:56:36.652" level="INFO">
{
    "request": {
        "method": "POST",
        "url": "http://localhost:6996/register",
        "scheme": "http",
        "netloc": "localhost:6996",
        "path": "/register",
        "query": {},
        "body": {
            "username": "test_user",
            "password": "test_pwd"
        },
        "data": null,
        "auth": null,
        "headers": {
            "Accept": "application/json, */*",
            "Content-Type": "application/json",
            "User-Agent": "RESTinstance/1.3.0"
        },
        "proxies": {},
        "timeout": [
            null,
            null
        ],
        "cert": null,
        "sslVerify": true,
        "allowRedirects": true,
        "timestamp": {
            "utc": "2023-09-13T15:56:36.651189+00:00",
            "local": "2023-09-13T18:56:36.651189+03:00"
        }
    },
    "response": {
        "seconds": 0.0017529999999999998,
        "status": 409,
        "reason": "Conflict",
        "body": {
            "detail": "User with that email already exists"
        },
        "headers": {
            "date": "Wed, 13 Sep 2023 15:56:36 GMT",
            "server": "uvicorn",
            "content-length": "48",
            "content-type": "application/json"
        }
    }
}</msg>
<status status="PASS" starttime="20230913 18:56:36.652" endtime="20230913 18:56:36.652"/>
</kw>
<kw name="Clear Test Database" library="keywords" type="TEARDOWN">
<kw name="Drop Database" library="MongoDB">
<doc>Drop given database. If no database name is given, the default one will be dropped.</doc>
<msg timestamp="20230913 18:56:36.653" level="INFO">Database quiz-craft-test was dropped.</msg>
<status status="PASS" starttime="20230913 18:56:36.653" endtime="20230913 18:56:36.653"/>
</kw>
<status status="PASS" starttime="20230913 18:56:36.652" endtime="20230913 18:56:36.653"/>
</kw>
<status status="PASS" starttime="20230913 18:56:36.442" endtime="20230913 18:56:36.653"/>
</test>
<test id="s1-t4" name="Valid user" line="21">
<kw name="GET" library="REST">
<arg>/user</arg>
<tag>http</tag>
<doc>*Sends a GET request to the endpoint.*</doc>
<status status="PASS" starttime="20230913 18:56:36.654" endtime="20230913 18:56:36.655"/>
</kw>
<kw name="Output" library="REST">
<tag>I/O</tag>
<doc>*Outputs JSON to terminal or a file.*</doc>
<msg timestamp="20230913 18:56:36.655" level="INFO">
{
    "request": {
        "method": "GET",
        "url": "http://localhost:6996/user",
        "scheme": "http",
        "netloc": "localhost:6996",
        "path": "/user",
        "query": {},
        "body": null,
        "data": null,
        "auth": null,
        "headers": {
            "Accept": "application/json, */*",
            "Content-Type": "application/json",
            "User-Agent": "RESTinstance/1.3.0"
        },
        "proxies": {},
        "timeout": [
            null,
            null
        ],
        "cert": null,
        "sslVerify": true,
        "allowRedirects": true,
        "timestamp": {
            "utc": "2023-09-13T15:56:36.654859+00:00",
            "local": "2023-09-13T18:56:36.654859+03:00"
        }
    },
    "response": {
        "seconds": 0.000732,
        "status": 401,
        "reason": "Unauthorized",
        "body": {
            "detail": "Not authenticated"
        },
        "headers": {
            "date": "Wed, 13 Sep 2023 15:56:36 GMT",
            "server": "uvicorn",
            "www-authenticate": "Bearer",
            "content-length": "30",
            "content-type": "application/json"
        }
    }
}</msg>
<status status="PASS" starttime="20230913 18:56:36.655" endtime="20230913 18:56:36.656"/>
</kw>
<kw name="Clear Test Database" library="keywords" type="TEARDOWN">
<kw name="Drop Database" library="MongoDB">
<doc>Drop given database. If no database name is given, the default one will be dropped.</doc>
<msg timestamp="20230913 18:56:36.657" level="INFO">Database quiz-craft-test was dropped.</msg>
<status status="PASS" starttime="20230913 18:56:36.656" endtime="20230913 18:56:36.657"/>
</kw>
<status status="PASS" starttime="20230913 18:56:36.656" endtime="20230913 18:56:36.657"/>
</kw>
<status status="PASS" starttime="20230913 18:56:36.653" endtime="20230913 18:56:36.657"/>
</test>
<status status="PASS" starttime="20230913 18:56:35.694" endtime="20230913 18:56:36.657"/>
</suite>
<statistics>
<total>
<stat pass="4" fail="0" skip="0">All Tests</stat>
</total>
<tag>
</tag>
<suite>
<stat pass="4" fail="0" skip="0" id="s1" name="User Tests">User Tests</stat>
</suite>
</statistics>
<errors>
</errors>
</robot>
